# JRE version: OpenJDK Runtime Environment Temurin-21.0.10+7 (21.0.10+7) (build 21.0.10+7-LTS)
# Java VM: OpenJDK 64-Bit Server VM Temurin-21.0.10+7 (21.0.10+7-LTS, mixed mode, sharing, tiered, compressed oops, compressed class ptrs, parallel gc, windows-amd64)
GC Precious Log:
 CardTable entry size: 512
 CPUs: 16 total, 16 available
 Memory: 15789M
 Large Page Support: Disabled
 NUMA Support: Disabled
 Compressed Oops: Enabled (32-bit)
 Alignments: Space 512K, Generation 512K, Heap 2M
 Heap Min Capacity: 100M
 Heap Initial Capacity: 100M
 Heap Max Capacity: 2G
 Pre-touch: Disabled
 Parallel Workers: 13
Heap:
 PSYoungGen      total 20480K, used 13417K [0x00000000d5580000, 0x00000000d6f00000, 0x0000000100000000)
  eden space 18432K, 61% used [0x00000000d5580000,0x00000000d60a19a8,0x00000000d6780000)
  from space 2048K, 98% used [0x00000000d6b00000,0x00000000d6cf8e48,0x00000000d6d00000)
  to   space 3584K, 0% used [0x00000000d6780000,0x00000000d6780000,0x00000000d6b00000)
 ParOldGen       total 68608K, used 31704K [0x0000000080000000, 0x0000000084300000, 0x00000000d5580000)
  object space 68608K, 46% used [0x0000000080000000,0x0000000081ef6068,0x0000000084300000)
 Metaspace       used 43273K, committed 44224K, reserved 1114112K
  class space    used 4289K, committed 4672K, reserved 1048576K
GC Heap History (20 events):
Event: 7.182 GC heap before
{Heap before GC invocations=17 (full 1):
 PSYoungGen      total 23552K, used 23200K [0x00000000d5580000, 0x00000000d6f00000, 0x0000000100000000)
  eden space 20992K, 100% used [0x00000000d5580000,0x00000000d6a00000,0x00000000d6a00000)
  from space 2560K, 86% used [0x00000000d6a00000,0x00000000d6c28010,0x00000000d6c80000)
  to   space 2560K, 0% used [0x00000000d6c80000,0x00000000d6c80000,0x00000000d6f00000)
 ParOldGen       total 68608K, used 24205K [0x0000000080000000, 0x0000000084300000, 0x00000000d5580000)
  object space 68608K, 35% used [0x0000000080000000,0x00000000817a37a0,0x0000000084300000)
 Metaspace       used 32770K, committed 33664K, reserved 1114112K
  class space    used 3286K, committed 3712K, reserved 1048576K
}
Event: 7.191 GC heap after
{Heap after GC invocations=17 (full 1):
 PSYoungGen      total 23040K, used 1944K [0x00000000d5580000, 0x00000000d6e80000, 0x0000000100000000)
  eden space 20992K, 0% used [0x00000000d5580000,0x00000000d5580000,0x00000000d6a00000)
  from space 2048K, 94% used [0x00000000d6c80000,0x00000000d6e66200,0x00000000d6e80000)
  to   space 2048K, 0% used [0x00000000d6a80000,0x00000000d6a80000,0x00000000d6c80000)
 ParOldGen       total 68608K, used 26197K [0x0000000080000000, 0x0000000084300000, 0x00000000d5580000)
  object space 68608K, 38% used [0x0000000080000000,0x00000000819957b0,0x0000000084300000)
 Metaspace       used 32770K, committed 33664K, reserved 1114112K
  class space    used 3286K, committed 3712K, reserved 1048576K
}
Event: 11.959 GC heap before
{Heap before GC invocations=18 (full 1):
 PSYoungGen      total 23040K, used 22936K [0x00000000d5580000, 0x00000000d6e80000, 0x0000000100000000)
  eden space 20992K, 100% used [0x00000000d5580000,0x00000000d6a00000,0x00000000d6a00000)
  from space 2048K, 94% used [0x00000000d6c80000,0x00000000d6e66200,0x00000000d6e80000)
  to   space 2048K, 0% used [0x00000000d6a80000,0x00000000d6a80000,0x00000000d6c80000)
 ParOldGen       total 68608K, used 26197K [0x0000000080000000, 0x0000000084300000, 0x00000000d5580000)
  object space 68608K, 38% used [0x0000000080000000,0x00000000819957b0,0x0000000084300000)
 Metaspace       used 34454K, committed 35328K, reserved 1114112K
  class space    used 3508K, committed 3904K, reserved 1048576K
}
Event: 11.961 GC heap after
{Heap after GC invocations=18 (full 1):
 PSYoungGen      total 22528K, used 1515K [0x00000000d5580000, 0x00000000d6e00000, 0x0000000100000000)
  eden space 20992K, 0% used [0x00000000d5580000,0x00000000d5580000,0x00000000d6a00000)
  from space 1536K, 98% used [0x00000000d6a80000,0x00000000d6bfae58,0x00000000d6c00000)
  to   space 2048K, 0% used [0x00000000d6c00000,0x00000000d6c00000,0x00000000d6e00000)
 ParOldGen       total 68608K, used 27934K [0x0000000080000000, 0x0000000084300000, 0x00000000d5580000)
  object space 68608K, 40% used [0x0000000080000000,0x0000000081b479b0,0x0000000084300000)
 Metaspace       used 34454K, committed 35328K, reserved 1114112K
  class space    used 3508K, committed 3904K, reserved 1048576K
}
Event: 12.080 GC heap before
{Heap before GC invocations=19 (full 1):
 PSYoungGen      total 22528K, used 22469K [0x00000000d5580000, 0x00000000d6e00000, 0x0000000100000000)
  eden space 20992K, 99% used [0x00000000d5580000,0x00000000d69f67e8,0x00000000d6a00000)
  from space 1536K, 98% used [0x00000000d6a80000,0x00000000d6bfae58,0x00000000d6c00000)
  to   space 2048K, 0% used [0x00000000d6c00000,0x00000000d6c00000,0x00000000d6e00000)
 ParOldGen       total 68608K, used 27934K [0x0000000080000000, 0x0000000084300000, 0x00000000d5580000)
  object space 68608K, 40% used [0x0000000080000000,0x0000000081b479b0,0x0000000084300000)
 Metaspace       used 34907K, committed 35776K, reserved 1114112K
  class space    used 3540K, committed 3904K, reserved 1048576K
}
Event: 12.082 GC heap after
{Heap after GC invocations=19 (full 1):
 PSYoungGen      total 20992K, used 2020K [0x00000000d5580000, 0x00000000d7200000, 0x0000000100000000)
  eden space 18944K, 0% used [0x00000000d5580000,0x00000000d5580000,0x00000000d6800000)
  from space 2048K, 98% used [0x00000000d6c00000,0x00000000d6df9290,0x00000000d6e00000)
  to   space 4096K, 0% used [0x00000000d6800000,0x00000000d6800000,0x00000000d6c00000)
 ParOldGen       total 68608K, used 29286K [0x0000000080000000, 0x0000000084300000, 0x00000000d5580000)
  object space 68608K, 42% used [0x0000000080000000,0x0000000081c99a78,0x0000000084300000)
 Metaspace       used 34907K, committed 35776K, reserved 1114112K
  class space    used 3540K, committed 3904K, reserved 1048576K
}
Event: 16.172 GC heap before
{Heap before GC invocations=20 (full 1):
 PSYoungGen      total 20992K, used 19280K [0x00000000d5580000, 0x00000000d7200000, 0x0000000100000000)
  eden space 18944K, 91% used [0x00000000d5580000,0x00000000d665ae58,0x00000000d6800000)
  from space 2048K, 98% used [0x00000000d6c00000,0x00000000d6df9290,0x00000000d6e00000)
  to   space 4096K, 0% used [0x00000000d6800000,0x00000000d6800000,0x00000000d6c00000)
 ParOldGen       total 68608K, used 29286K [0x0000000080000000, 0x0000000084300000, 0x00000000d5580000)
  object space 68608K, 42% used [0x0000000080000000,0x0000000081c99a78,0x0000000084300000)
 Metaspace       used 34925K, committed 35840K, reserved 1114112K
  class space    used 3540K, committed 3904K, reserved 1048576K
}
Event: 17.164 GC heap after
{Heap after GC invocations=20 (full 1):
 PSYoungGen      total 19456K, used 128K [0x00000000d5580000, 0x00000000d6d00000, 0x0000000100000000)
  eden space 18944K, 0% used [0x00000000d5580000,0x00000000d5580000,0x00000000d6800000)
  from space 512K, 25% used [0x00000000d6800000,0x00000000d6820000,0x00000000d6880000)
  to   space 1536K, 0% used [0x00000000d6b80000,0x00000000d6b80000,0x00000000d6d00000)
 ParOldGen       total 68608K, used 29946K [0x0000000080000000, 0x0000000084300000, 0x00000000d5580000)
  object space 68608K, 43% used [0x0000000080000000,0x0000000081d3ebf0,0x0000000084300000)
 Metaspace       used 34925K, committed 35840K, reserved 1114112K
  class space    used 3540K, committed 3904K, reserved 1048576K
}
Event: 17.164 GC heap before
{Heap before GC invocations=21 (full 2):
 PSYoungGen      total 19456K, used 128K [0x00000000d5580000, 0x00000000d6d00000, 0x0000000100000000)
  eden space 18944K, 0% used [0x00000000d5580000,0x00000000d5580000,0x00000000d6800000)
  from space 512K, 25% used [0x00000000d6800000,0x00000000d6820000,0x00000000d6880000)
  to   space 1536K, 0% used [0x00000000d6b80000,0x00000000d6b80000,0x00000000d6d00000)
 ParOldGen       total 68608K, used 29946K [0x0000000080000000, 0x0000000084300000, 0x00000000d5580000)
  object space 68608K, 43% used [0x0000000080000000,0x0000000081d3ebf0,0x0000000084300000)
 Metaspace       used 34925K, committed 35840K, reserved 1114112K
  class space    used 3540K, committed 3904K, reserved 1048576K
}
Event: 17.195 GC heap after
{Heap after GC invocations=21 (full 2):
 PSYoungGen      total 19456K, used 0K [0x00000000d5580000, 0x00000000d6d00000, 0x0000000100000000)
  eden space 18944K, 0% used [0x00000000d5580000,0x00000000d5580000,0x00000000d6800000)
  from space 512K, 0% used [0x00000000d6800000,0x00000000d6800000,0x00000000d6880000)
  to   space 1536K, 0% used [0x00000000d6b80000,0x00000000d6b80000,0x00000000d6d00000)
 ParOldGen       total 68608K, used 28030K [0x0000000080000000, 0x0000000084300000, 0x00000000d5580000)
  object space 68608K, 40% used [0x0000000080000000,0x0000000081b5fb28,0x0000000084300000)
 Metaspace       used 34925K, committed 35840K, reserved 1114112K
  class space    used 3540K, committed 3904K, reserved 1048576K
}
Event: 19.675 GC heap before
{Heap before GC invocations=22 (full 2):
 PSYoungGen      total 19456K, used 18944K [0x00000000d5580000, 0x00000000d6d00000, 0x0000000100000000)
  eden space 18944K, 100% used [0x00000000d5580000,0x00000000d6800000,0x00000000d6800000)
  from space 512K, 0% used [0x00000000d6800000,0x00000000d6800000,0x00000000d6880000)
  to   space 1536K, 0% used [0x00000000d6b80000,0x00000000d6b80000,0x00000000d6d00000)
 ParOldGen       total 68608K, used 28030K [0x0000000080000000, 0x0000000084300000, 0x00000000d5580000)
  object space 68608K, 40% used [0x0000000080000000,0x0000000081b5fb28,0x0000000084300000)
 Metaspace       used 36820K, committed 37760K, reserved 1114112K
  class space    used 3728K, committed 4160K, reserved 1048576K
}
Event: 19.676 GC heap after
{Heap after GC invocations=22 (full 2):
 PSYoungGen      total 19456K, used 448K [0x00000000d5580000, 0x00000000d6c00000, 0x0000000100000000)
  eden space 18944K, 0% used [0x00000000d5580000,0x00000000d5580000,0x00000000d6800000)
  from space 512K, 87% used [0x00000000d6b80000,0x00000000d6bf0000,0x00000000d6c00000)
  to   space 1024K, 0% used [0x00000000d6a00000,0x00000000d6a00000,0x00000000d6b00000)
 ParOldGen       total 68608K, used 28038K [0x0000000080000000, 0x0000000084300000, 0x00000000d5580000)
  object space 68608K, 40% used [0x0000000080000000,0x0000000081b61b28,0x0000000084300000)
 Metaspace       used 36820K, committed 37760K, reserved 1114112K
  class space    used 3728K, committed 4160K, reserved 1048576K
}
Event: 20.152 GC heap before
{Heap before GC invocations=23 (full 2):
 PSYoungGen      total 19456K, used 19392K [0x00000000d5580000, 0x00000000d6c00000, 0x0000000100000000)
  eden space 18944K, 100% used [0x00000000d5580000,0x00000000d6800000,0x00000000d6800000)
  from space 512K, 87% used [0x00000000d6b80000,0x00000000d6bf0000,0x00000000d6c00000)
  to   space 1024K, 0% used [0x00000000d6a00000,0x00000000d6a00000,0x00000000d6b00000)
 ParOldGen       total 68608K, used 28038K [0x0000000080000000, 0x0000000084300000, 0x00000000d5580000)
  object space 68608K, 40% used [0x0000000080000000,0x0000000081b61b28,0x0000000084300000)
 Metaspace       used 38354K, committed 39232K, reserved 1114112K
  class space    used 3876K, committed 4288K, reserved 1048576K
}
Event: 20.153 GC heap after
{Heap after GC invocations=23 (full 2):
 PSYoungGen      total 19968K, used 576K [0x00000000d5580000, 0x00000000d6c00000, 0x0000000100000000)
  eden space 18944K, 0% used [0x00000000d5580000,0x00000000d5580000,0x00000000d6800000)
  from space 1024K, 56% used [0x00000000d6a00000,0x00000000d6a90000,0x00000000d6b00000)
  to   space 1024K, 0% used [0x00000000d6b00000,0x00000000d6b00000,0x00000000d6c00000)
 ParOldGen       total 68608K, used 28278K [0x0000000080000000, 0x0000000084300000, 0x00000000d5580000)
  object space 68608K, 41% used [0x0000000080000000,0x0000000081b9db28,0x0000000084300000)
 Metaspace       used 38354K, committed 39232K, reserved 1114112K
  class space    used 3876K, committed 4288K, reserved 1048576K
}
Event: 20.667 GC heap before
{Heap before GC invocations=24 (full 2):
 PSYoungGen      total 19968K, used 19520K [0x00000000d5580000, 0x00000000d6c00000, 0x0000000100000000)
  eden space 18944K, 100% used [0x00000000d5580000,0x00000000d6800000,0x00000000d6800000)
  from space 1024K, 56% used [0x00000000d6a00000,0x00000000d6a90000,0x00000000d6b00000)
  to   space 1024K, 0% used [0x00000000d6b00000,0x00000000d6b00000,0x00000000d6c00000)
 ParOldGen       total 68608K, used 28278K [0x0000000080000000, 0x0000000084300000, 0x00000000d5580000)
  object space 68608K, 41% used [0x0000000080000000,0x0000000081b9db28,0x0000000084300000)
 Metaspace       used 39662K, committed 40640K, reserved 1114112K
  class space    used 3994K, committed 4416K, reserved 1048576K
}
Event: 20.669 GC heap after
{Heap after GC invocations=24 (full 2):
 PSYoungGen      total 19968K, used 768K [0x00000000d5580000, 0x00000000d6c00000, 0x0000000100000000)
  eden space 18944K, 0% used [0x00000000d5580000,0x00000000d5580000,0x00000000d6800000)
  from space 1024K, 75% used [0x00000000d6b00000,0x00000000d6bc0000,0x00000000d6c00000)
  to   space 1024K, 0% used [0x00000000d6a00000,0x00000000d6a00000,0x00000000d6b00000)
 ParOldGen       total 68608K, used 29452K [0x0000000080000000, 0x0000000084300000, 0x00000000d5580000)
  object space 68608K, 42% used [0x0000000080000000,0x0000000081cc3038,0x0000000084300000)
 Metaspace       used 39662K, committed 40640K, reserved 1114112K
  class space    used 3994K, committed 4416K, reserved 1048576K
}
Event: 21.135 GC heap before
{Heap before GC invocations=25 (full 2):
 PSYoungGen      total 19968K, used 19693K [0x00000000d5580000, 0x00000000d6c00000, 0x0000000100000000)
  eden space 18944K, 99% used [0x00000000d5580000,0x00000000d67fb4a8,0x00000000d6800000)
  from space 1024K, 75% used [0x00000000d6b00000,0x00000000d6bc0000,0x00000000d6c00000)
  to   space 1024K, 0% used [0x00000000d6a00000,0x00000000d6a00000,0x00000000d6b00000)
 ParOldGen       total 68608K, used 29452K [0x0000000080000000, 0x0000000084300000, 0x00000000d5580000)
  object space 68608K, 42% used [0x0000000080000000,0x0000000081cc3038,0x0000000084300000)
 Metaspace       used 41802K, committed 42752K, reserved 1114112K
  class space    used 4207K, committed 4608K, reserved 1048576K
}
Event: 21.136 GC heap after
{Heap after GC invocations=25 (full 2):
 PSYoungGen      total 19968K, used 1008K [0x00000000d5580000, 0x00000000d6d00000, 0x0000000100000000)
  eden space 18944K, 0% used [0x00000000d5580000,0x00000000d5580000,0x00000000d6800000)
  from space 1024K, 98% used [0x00000000d6a00000,0x00000000d6afc048,0x00000000d6b00000)
  to   space 2048K, 0% used [0x00000000d6b00000,0x00000000d6b00000,0x00000000d6d00000)
 ParOldGen       total 68608K, used 30653K [0x0000000080000000, 0x0000000084300000, 0x00000000d5580000)
  object space 68608K, 44% used [0x0000000080000000,0x0000000081def4d0,0x0000000084300000)
 Metaspace       used 41802K, committed 42752K, reserved 1114112K
  class space    used 4207K, committed 4608K, reserved 1048576K
}
Event: 21.978 GC heap before
{Heap before GC invocations=26 (full 2):
 PSYoungGen      total 19968K, used 19952K [0x00000000d5580000, 0x00000000d6d00000, 0x0000000100000000)
  eden space 18944K, 99% used [0x00000000d5580000,0x00000000d67fffe0,0x00000000d6800000)
  from space 1024K, 98% used [0x00000000d6a00000,0x00000000d6afc048,0x00000000d6b00000)
  to   space 2048K, 0% used [0x00000000d6b00000,0x00000000d6b00000,0x00000000d6d00000)
 ParOldGen       total 68608K, used 30653K [0x0000000080000000, 0x0000000084300000, 0x00000000d5580000)
  object space 68608K, 44% used [0x0000000080000000,0x0000000081def4d0,0x0000000084300000)
 Metaspace       used 42943K, committed 43968K, reserved 1114112K
  class space    used 4286K, committed 4672K, reserved 1048576K
}
Event: 21.980 GC heap after
{Heap after GC invocations=26 (full 2):
 PSYoungGen      total 20480K, used 2019K [0x00000000d5580000, 0x00000000d6f00000, 0x0000000100000000)
  eden space 18432K, 0% used [0x00000000d5580000,0x00000000d5580000,0x00000000d6780000)
  from space 2048K, 98% used [0x00000000d6b00000,0x00000000d6cf8e48,0x00000000d6d00000)
  to   space 3584K, 0% used [0x00000000d6780000,0x00000000d6780000,0x00000000d6b00000)
 ParOldGen       total 68608K, used 31704K [0x0000000080000000, 0x0000000084300000, 0x00000000d5580000)
  object space 68608K, 46% used [0x0000000080000000,0x0000000081ef6068,0x0000000084300000)
 Metaspace       used 42943K, committed 43968K, reserved 1114112K
  class space    used 4286K, committed 4672K, reserved 1048576K
}

